000 (20718757.000.000) 2024-09-18 13:38:21 Job submitted from host: <10.14.0.121:9618?addrs=10.14.0.121-9618+[fde1-53ba-e9a0-de11-c925-65-8543-e173]-9618&alias=ldas-pcdev12.ligo.caltech.edu&noUDP&sock=schedd_7741_42b7>
...
001 (20718757.000.000) 2024-09-18 13:40:19 Job executing on host: <10.14.10.17:9618?addrs=10.14.10.17-9618&alias=node2267.cluster.ldas.cit&noUDP&sock=startd_2583_4d37>
	SlotName: slot1_3@node2267.cluster.ldas.cit
	CondorScratchDir = "/local/condor/execute/dir_3087002"
	Cpus = 16
	Disk = 1049600
	GPUs = 0
	Memory = 16384
...
006 (20718757.000.000) 2024-09-18 13:40:28 Image size of job updated: 200780
	197  -  MemoryUsage of job (MB)
	200780  -  ResidentSetSize of job (KB)
...
006 (20718757.000.000) 2024-09-18 13:45:29 Image size of job updated: 3276704
	2670  -  MemoryUsage of job (MB)
	2733728  -  ResidentSetSize of job (KB)
...
006 (20718757.000.000) 2024-09-18 13:50:30 Image size of job updated: 3276704
	2672  -  MemoryUsage of job (MB)
	2735988  -  ResidentSetSize of job (KB)
...
006 (20718757.000.000) 2024-09-18 13:55:30 Image size of job updated: 3276704
	2814  -  MemoryUsage of job (MB)
	2881020  -  ResidentSetSize of job (KB)
...
006 (20718757.000.000) 2024-09-18 14:00:31 Image size of job updated: 3276704
	2823  -  MemoryUsage of job (MB)
	2890632  -  ResidentSetSize of job (KB)
...
006 (20718757.000.000) 2024-09-18 14:05:32 Image size of job updated: 3298208
	3104  -  MemoryUsage of job (MB)
	3177992  -  ResidentSetSize of job (KB)
...
006 (20718757.000.000) 2024-09-18 14:10:32 Image size of job updated: 3401796
	3106  -  MemoryUsage of job (MB)
	3179528  -  ResidentSetSize of job (KB)
...
006 (20718757.000.000) 2024-09-18 14:25:34 Image size of job updated: 3443712
	3106  -  MemoryUsage of job (MB)
	3179528  -  ResidentSetSize of job (KB)
...
005 (20718757.000.000) 2024-09-18 14:47:15 Job terminated.
	(1) Normal termination (return value 0)
		Usr 0 23:30:01, Sys 0 01:11:13  -  Run Remote Usage
		Usr 0 00:00:00, Sys 0 00:00:00  -  Run Local Usage
		Usr 0 23:30:01, Sys 0 01:11:13  -  Total Remote Usage
		Usr 0 00:00:00, Sys 0 00:00:00  -  Total Local Usage
	0  -  Run Bytes Sent By Job
	0  -  Run Bytes Received By Job
	0  -  Total Bytes Sent By Job
	0  -  Total Bytes Received By Job
	Partitionable Resources :    Usage  Request Allocated 
	   Cpus                 :    20.91       16        16 
	   Disk (KB)            : 17500     1048576   1049600 
	   GPUs                 :                           0 
	   Memory (MB)          :  3106       16384     16384 
	   TimeExecute (s)      :  4016                       
	   TimeSlotBusy (s)     :  4021                       

	Job terminated of its own accord at 2024-09-18T21:47:15Z with exit-code 0.
...
